<?xml version="1.0" encoding="utf-8"?>
<ConvolutionalNetwork>
  <matsize>16</matsize>
  <vecsize>1</vecsize>
  <labels>3</labels>
  <ArrayOfCNNArgs xmlns:xsi="http://www.w3.org/2001/XMLSchema-instance" xmlns:xsd="http://www.w3.org/2001/XMLSchema">
    <CNNArgs>
      <FilterSize>4</FilterSize>
      <FilterCount>1</FilterCount>
      <Stride>2</Stride>
      <PoolLayerSize>2</PoolLayerSize>
    </CNNArgs>
  </ArrayOfCNNArgs>
  <ConvolutionalLayer>
    <ArrayOfArrayOfFloat xmlns:xsi="http://www.w3.org/2001/XMLSchema-instance" xmlns:xsd="http://www.w3.org/2001/XMLSchema">
      <ArrayOfFloat>
        <float>0.386529446</float>
        <float>0.0678091</float>
        <float>0.571471751</float>
        <float>0.5091699</float>
      </ArrayOfFloat>
      <ArrayOfFloat>
        <float>0.4543774</float>
        <float>0.03702839</float>
        <float>0.399937928</float>
        <float>0.306876928</float>
      </ArrayOfFloat>
      <ArrayOfFloat>
        <float>-0.0563291</float>
        <float>0.110411689</float>
        <float>-0.05498754</float>
        <float>0.206766292</float>
      </ArrayOfFloat>
      <ArrayOfFloat>
        <float>-0.30685848</float>
        <float>0.163110286</float>
        <float>-0.0819738656</float>
        <float>0.3357159</float>
      </ArrayOfFloat>
    </ArrayOfArrayOfFloat>
    <ArrayOfFloat xmlns:xsi="http://www.w3.org/2001/XMLSchema-instance" xmlns:xsd="http://www.w3.org/2001/XMLSchema">
      <float>0.665782154</float>
    </ArrayOfFloat>
  </ConvolutionalLayer>
  <DenseLayer>
    <ArrayOfArrayOfFloat xmlns:xsi="http://www.w3.org/2001/XMLSchema-instance" xmlns:xsd="http://www.w3.org/2001/XMLSchema">
      <ArrayOfFloat>
        <float>-0.5704098</float>
        <float>-0.384311855</float>
        <float>-0.293212652</float>
      </ArrayOfFloat>
      <ArrayOfFloat>
        <float>0.1203304</float>
        <float>0.6126241</float>
        <float>-0.7526048</float>
      </ArrayOfFloat>
      <ArrayOfFloat>
        <float>0.8687706</float>
        <float>0.666164935</float>
        <float>1.09385324</float>
      </ArrayOfFloat>
      <ArrayOfFloat>
        <float>0.2058426</float>
        <float>0.279682934</float>
        <float>-0.211001873</float>
      </ArrayOfFloat>
      <ArrayOfFloat>
        <float>-0.0755307</float>
        <float>0.288982451</float>
        <float>0.2616626</float>
      </ArrayOfFloat>
      <ArrayOfFloat>
        <float>0.03136672</float>
        <float>0.273007</float>
        <float>0.212431848</float>
      </ArrayOfFloat>
      <ArrayOfFloat>
        <float>0.0435409173</float>
        <float>0.21461916</float>
        <float>0.349384844</float>
      </ArrayOfFloat>
      <ArrayOfFloat>
        <float>0.0476077572</float>
        <float>-0.425994039</float>
        <float>-0.04929918</float>
      </ArrayOfFloat>
      <ArrayOfFloat>
        <float>0.0805660859</float>
        <float>-0.166309029</float>
        <float>-0.0463695042</float>
      </ArrayOfFloat>
      <ArrayOfFloat>
        <float>0.111813977</float>
        <float>0.0167384781</float>
        <float>0.03424533</float>
      </ArrayOfFloat>
      <ArrayOfFloat>
        <float>-0.202611327</float>
        <float>0.008061294</float>
        <float>0.03806992</float>
      </ArrayOfFloat>
      <ArrayOfFloat>
        <float>0.002648424</float>
        <float>0.05053021</float>
        <float>-0.08564719</float>
      </ArrayOfFloat>
      <ArrayOfFloat>
        <float>0.234609932</float>
        <float>-0.1214144</float>
        <float>0.0447253771</float>
      </ArrayOfFloat>
      <ArrayOfFloat>
        <float>0.09622579</float>
        <float>-0.00176242657</float>
        <float>-0.0722749159</float>
      </ArrayOfFloat>
      <ArrayOfFloat>
        <float>0.0112560978</float>
        <float>-0.111671008</float>
        <float>-0.125554949</float>
      </ArrayOfFloat>
      <ArrayOfFloat>
        <float>0.06743718</float>
        <float>-0.308535755</float>
        <float>-0.0678560138</float>
      </ArrayOfFloat>
      <ArrayOfFloat>
        <float>-0.401113123</float>
        <float>-0.2280465</float>
        <float>0.155333832</float>
      </ArrayOfFloat>
    </ArrayOfArrayOfFloat>
    <ArrayOfFloat xmlns:xsi="http://www.w3.org/2001/XMLSchema-instance" xmlns:xsd="http://www.w3.org/2001/XMLSchema">
      <float>0.02243065</float>
      <float>0.013078318</float>
      <float>-0.00113255368</float>
    </ArrayOfFloat>
  </DenseLayer>
</ConvolutionalNetwork>